
running 1 test
[0, 48, 48, 48, 48, 48, 48, 48, 48, 48, 48, 48, 48, 48, 48, 24, 24, 24, 24, 24, 24, 24, 24, 24, 24, 24, 24, 24, 24, 24, 24, 24]
5
current byte: 0
carry from prev: 0
current byte: 48
carry from prev: 0
current byte: 48
carry from prev: 153
current byte: 48
carry from prev: 51
current byte: 48
carry from prev: 204
current byte: 48
carry from prev: 102
current byte: 48
carry from prev: 0
current byte: 48
carry from prev: 153
current byte: 48
carry from prev: 51
current byte: 48
carry from prev: 204
current byte: 48
carry from prev: 102
current byte: 48
carry from prev: 0
current byte: 48
carry from prev: 153
current byte: 48
carry from prev: 51
current byte: 48
carry from prev: 204
current byte: 24
carry from prev: 102
current byte: 24
carry from prev: 51
current byte: 24
carry from prev: 0
current byte: 24
carry from prev: 204
current byte: 24
carry from prev: 153
current byte: 24
carry from prev: 102
current byte: 24
carry from prev: 51
current byte: 24
carry from prev: 0
current byte: 24
carry from prev: 204
current byte: 24
carry from prev: 153
current byte: 24
carry from prev: 102
current byte: 24
carry from prev: 51
current byte: 24
carry from prev: 0
current byte: 24
carry from prev: 204
current byte: 24
carry from prev: 153
current byte: 24
carry from prev: 102
current byte: 24
carry from prev: 51
0
test https::crypto::tests::modulus ... ok

test result: ok. 1 passed; 0 failed; 0 ignored; 0 measured; 0 filtered out; finished in 0.00s

